GROUP,PACKAGE,CLASS,INSTRUCTION_MISSED,INSTRUCTION_COVERED,BRANCH_MISSED,BRANCH_COVERED,LINE_MISSED,LINE_COVERED,COMPLEXITY_MISSED,COMPLEXITY_COVERED,METHOD_MISSED,METHOD_COVERED
activdad5,cl.kibernumacademy.service,PaymentProcessor,24,43,6,4,5,11,6,2,1,2
activdad5,cl.kibernumacademy.service,CreditCardPayment,7,0,0,0,3,0,3,0,3,0
activdad5,cl.kibernumacademy.service,BankTransferPayment,7,0,0,0,3,0,3,0,3,0
activdad5,cl.kibernumacademy.model,PaymentHistory,18,0,0,0,5,0,3,0,3,0
activdad5,cl.kibernumacademy.model,User,3,6,0,0,1,3,1,1,1,1
activdad5,cl.kibernumacademy.model,Payment,12,15,0,0,4,6,4,1,4,1
